
==========================
BOOTED A CipherChat SERVER
==========================
Selected Port: 6333
HTTPS: true
Admob ID: ca-app-pub-3940256099942544/6300978111
Debug Mode: true

Starting Server..

CipherChat SERVER STARTED. Now Listening on port 6333
You may check the server at https://127.0.0.1:6333/

This server may be submitted at:
'https://github.com/CipherChat/CipherChat/issues/new'
with the title 'Public Server Submission' and the comment of: 

{
    "ip": "<Your Public IP Address>",
    "port": "6333"
}
    
=========================================================
| Remember to forward port 6333 in your router settings |
| for global access this server.                        |
=========================================================

RECOVERED PUBLIC KEY IS: 
57666682006238298845700781232885902835731126315670850498122014217387967005059
THE group id is: 
49
{ encryptedMessage:
   'pM84TykWpUo2jhxcwbin5M6K8xsjlAXE5Rp8tfKbrw3dN4SJLIRVJH2OZMqMljVBbUpDFNBFITUgFRwEzxn3rpjYakFvuFpxBZQX',
  signature:
   '{"r":"be8cc95e2c78c74842313723f101fbc700ec8ffc9c9b346cefcbe2bce92382ee","recoveryParam":1,"s":"3a35c882caa52a313671bf4397477e7205735b9f035676d3c3322f26e92fe4d4"}',
  joinKey:
   '0b105814d287beac9f024d1bd8f7a8b00b5f5931fe06d6a1c171bb3f36e6f9dd',
  username: 'uuy' }
RECOVERED PUBLIC KEY IS: 
57666682006238298845700781232885902835731126315670850498122014217387967005059
THE group id is: 
49
{ encryptedMessage:
   'dvHQYZVrEtqE2q6N7fMXfkbDWZvhWxyJN4rfoEyNxiigSQI83WFguqDXhOU4NwBqxVUfEyASlh172mLYaF6zzCuQfbhfhT3BpPLh',
  signature:
   '{"r":"5f4af9489208e9b8053686ca75133d92ef086135b27fb09ca7f76000d61ade33","recoveryParam":1,"s":"5552d6b29363712a5fe23637b7c32ea236615cd3a6b9a5ca078cc0aa51e062dc"}',
  joinKey:
   '0b105814d287beac9f024d1bd8f7a8b00b5f5931fe06d6a1c171bb3f36e6f9dd',
  username: 'uuy' }
RECOVERED PUBLIC KEY IS: 
57666682006238298845700781232885902835731126315670850498122014217387967005059
THE group id is: 
49
RECOVERED PUBLIC KEY IS: 
57666682006238298845700781232885902835731126315670850498122014217387967005059
THE group id is: 
49
