
==========================
BOOTED A CipherChat SERVER
==========================
Selected Port: 6333
HTTPS: true
Admob ID: ca-app-pub-3940256099942544/6300978111
Debug Mode: true

Starting Server..

CipherChat SERVER STARTED. Now Listening on port 6333
You may check the server at https://127.0.0.1:6333/

This server may be submitted at:
'https://github.com/CipherChat/CipherChat/issues/new'
with the title 'Public Server Submission' and the comment of: 

{
    "ip": "<Your Public IP Address>",
    "port": "6333"
}
    
=========================================================
| Remember to forward port 6333 in your router settings |
| for global access this server.                        |
=========================================================

{ encryptedMessage:
   'PCFNzqG5ltwOTNU7faDliB2pD28G4YEoRSqFpBrEGXhtCTyrDCIHYCgmbEcWA7WdPseZREH4A6Ur8tEptxwusI8iB16PvMJkz2ZG',
  signature:
   '{"r":"447e226ea66cdf8a2fd88468891dd37c0dd3ee21b73b21095a7e375af52a6931","recoveryParam":0,"s":"41a9c3cb4914454da8c3037f97ffd2f6a577f80d2b87dcd20ee594cca6e04284"}',
  joinKey:
   '0b105814d287beac9f024d1bd8f7a8b00b5f5931fe06d6a1c171bb3f36e6f9dd',
  username: 'uuy' }
RECOVERED PUBLIC KEY IS: 
57666682006238298845700781232885902835731126315670850498122014217387967005059
THE group id is: 
49
RECOVERED PUBLIC KEY IS: 
57666682006238298845700781232885902835731126315670850498122014217387967005059
THE group id is: 
49
{ encryptedMessage:
   'hgNnJkcACBSvAMqhupknjuwlJJDHuSA5Y3XygPerrNsrPpEfSOpsgLVEa5hENb6EwW8tTgldMIovaskFyMlKWnj5lQmCrBmUh5lO',
  signature:
   '{"r":"a9237243dc4ef13eaf59a8f5a89986658e904ebd32b48b164cd98d0306d4a55d","recoveryParam":0,"s":"5e9b0d5818e40143e719a24956bf70d641da331646ccf250d203331754e81e83"}',
  joinKey:
   '0b105814d287beac9f024d1bd8f7a8b00b5f5931fe06d6a1c171bb3f36e6f9dd',
  username: 'uuy' }
RECOVERED PUBLIC KEY IS: 
57666682006238298845700781232885902835731126315670850498122014217387967005059
THE group id is: 
49
